{"@timestamp":"2026-05-13T09:50:45.345913-03:00","@version":"1","message":"Starting BankFlowAccountsApplication using Java 21.0.11 with PID 82186 (/Users/giovannicamargo/Desktop/Estudos/backend/bank-flow-accounts/build/classes/java/main started by giovannicamargo in /Users/giovannicamargo/Desktop/Estudos/backend/bank-flow-accounts)","logger_name":"br.com.bankflow.BankFlowAccountsApplication","thread_name":"main","level":"INFO","level_value":20000,"tags":["COMMONS-LOGGING"]}
{"@timestamp":"2026-05-13T09:50:45.354053-03:00","@version":"1","message":"No active profile set, falling back to 1 default profile: \"default\"","logger_name":"br.com.bankflow.BankFlowAccountsApplication","thread_name":"main","level":"INFO","level_value":20000,"tags":["COMMONS-LOGGING"]}
{"@timestamp":"2026-05-13T09:50:45.938858-03:00","@version":"1","message":"Tomcat initialized with port 8084 (http)","logger_name":"org.springframework.boot.tomcat.TomcatWebServer","thread_name":"main","level":"INFO","level_value":20000,"tags":["COMMONS-LOGGING"]}
{"@timestamp":"2026-05-13T09:50:45.94421-03:00","@version":"1","message":"Starting service [Tomcat]","logger_name":"org.apache.catalina.core.StandardService","thread_name":"main","level":"INFO","level_value":20000}
{"@timestamp":"2026-05-13T09:50:45.944435-03:00","@version":"1","message":"Starting Servlet engine: [Apache Tomcat/11.0.21]","logger_name":"org.apache.catalina.core.StandardEngine","thread_name":"main","level":"INFO","level_value":20000}
{"@timestamp":"2026-05-13T09:50:45.961943-03:00","@version":"1","message":"Root WebApplicationContext: initialization completed in 572 ms","logger_name":"org.springframework.boot.web.context.servlet.WebApplicationContextInitializer","thread_name":"main","level":"INFO","level_value":20000,"tags":["COMMONS-LOGGING"]}
{"@timestamp":"2026-05-13T09:50:46.235255-03:00","@version":"1","message":"HikariPool-1 - Starting...","logger_name":"com.zaxxer.hikari.HikariDataSource","thread_name":"main","level":"INFO","level_value":20000}
{"@timestamp":"2026-05-13T09:50:46.319662-03:00","@version":"1","message":"HikariPool-1 - Added connection org.postgresql.jdbc.PgConnection@18db3b3c","logger_name":"com.zaxxer.hikari.pool.HikariPool","thread_name":"main","level":"INFO","level_value":20000}
{"@timestamp":"2026-05-13T09:50:46.3205-03:00","@version":"1","message":"HikariPool-1 - Start completed.","logger_name":"com.zaxxer.hikari.HikariDataSource","thread_name":"main","level":"INFO","level_value":20000}
{"@timestamp":"2026-05-13T09:50:46.332283-03:00","@version":"1","message":"Database: jdbc:postgresql://localhost:5432/bank_flow?currentSchema=accounts,public (PostgreSQL 15.17)","logger_name":"org.flywaydb.core.FlywayExecutor","thread_name":"main","level":"INFO","level_value":20000}
{"@timestamp":"2026-05-13T09:50:46.365705-03:00","@version":"1","message":"Successfully validated 5 migrations (execution time 00:00.017s)","logger_name":"org.flywaydb.core.internal.command.DbValidate","thread_name":"main","level":"INFO","level_value":20000}
{"@timestamp":"2026-05-13T09:50:46.422559-03:00","@version":"1","message":"Current version of schema \"accounts\": 4","logger_name":"org.flywaydb.core.internal.command.DbMigrate","thread_name":"main","level":"INFO","level_value":20000}
{"@timestamp":"2026-05-13T09:50:46.425112-03:00","@version":"1","message":"Schema \"accounts\" is up to date. No migration necessary.","logger_name":"org.flywaydb.core.internal.command.DbMigrate","thread_name":"main","level":"INFO","level_value":20000}
{"@timestamp":"2026-05-13T09:50:46.634253-03:00","@version":"1","message":"Exposing 4 endpoints beneath base path '/actuator'","logger_name":"org.springframework.boot.actuate.endpoint.web.EndpointLinksResolver","thread_name":"main","level":"INFO","level_value":20000,"tags":["COMMONS-LOGGING"]}
{"@timestamp":"2026-05-13T09:50:46.663927-03:00","@version":"1","message":"Tomcat started on port 8084 (http) with context path '/'","logger_name":"org.springframework.boot.tomcat.TomcatWebServer","thread_name":"main","level":"INFO","level_value":20000,"tags":["COMMONS-LOGGING"]}
{"@timestamp":"2026-05-13T09:50:46.668312-03:00","@version":"1","message":"Started BankFlowAccountsApplication in 1.523 seconds (process running for 1.717)","logger_name":"br.com.bankflow.BankFlowAccountsApplication","thread_name":"main","level":"INFO","level_value":20000,"tags":["COMMONS-LOGGING"]}
{"@timestamp":"2026-05-13T09:50:53.932506-03:00","@version":"1","message":"Initializing Spring DispatcherServlet 'dispatcherServlet'","logger_name":"org.apache.catalina.core.ContainerBase.[Tomcat].[localhost].[/]","thread_name":"http-nio-8084-exec-1","level":"INFO","level_value":20000}
{"@timestamp":"2026-05-13T09:50:53.933687-03:00","@version":"1","message":"Initializing Servlet 'dispatcherServlet'","logger_name":"org.springframework.web.servlet.DispatcherServlet","thread_name":"http-nio-8084-exec-1","level":"INFO","level_value":20000,"tags":["COMMONS-LOGGING"]}
{"@timestamp":"2026-05-13T09:50:53.94494-03:00","@version":"1","message":"Completed initialization in 10 ms","logger_name":"org.springframework.web.servlet.DispatcherServlet","thread_name":"http-nio-8084-exec-1","level":"INFO","level_value":20000,"tags":["COMMONS-LOGGING"]}
{"@timestamp":"2026-05-13T10:56:20.592803-03:00","@version":"1","message":"HikariPool-1 - Thread starvation or clock leap detected (housekeeper delta=2m33s609ms).","logger_name":"com.zaxxer.hikari.pool.HikariPool","thread_name":"HikariPool-1:housekeeper","level":"WARN","level_value":30000}
{"@timestamp":"2026-05-13T11:13:23.979074-03:00","@version":"1","message":"Commencing graceful shutdown. Waiting for active requests to complete","logger_name":"org.springframework.boot.tomcat.GracefulShutdown","thread_name":"SpringApplicationShutdownHook","level":"INFO","level_value":20000,"tags":["COMMONS-LOGGING"]}
{"@timestamp":"2026-05-13T11:13:24.023891-03:00","@version":"1","message":"Graceful shutdown complete","logger_name":"org.springframework.boot.tomcat.GracefulShutdown","thread_name":"tomcat-shutdown","level":"INFO","level_value":20000,"tags":["COMMONS-LOGGING"]}
{"@timestamp":"2026-05-13T11:13:24.073311-03:00","@version":"1","message":"HikariPool-1 - Shutdown initiated...","logger_name":"com.zaxxer.hikari.HikariDataSource","thread_name":"SpringApplicationShutdownHook","level":"INFO","level_value":20000}
{"@timestamp":"2026-05-13T11:13:24.101206-03:00","@version":"1","message":"HikariPool-1 - Shutdown completed.","logger_name":"com.zaxxer.hikari.HikariDataSource","thread_name":"SpringApplicationShutdownHook","level":"INFO","level_value":20000}
