{"@timestamp":"2026-05-12T21:09:41.666-03:00","@version":"1","message":"Starting BankFlowBalanceApiApplication using Java 21.0.11 with PID 51918 (/Users/giovannicamargo/Desktop/Estudos/backend/bank-flow-balance/api/build/classes/java/main started by giovannicamargo in /Users/giovannicamargo/Desktop/Estudos/backend/bank-flow-balance)","logger_name":"br.com.bankflow.BankFlowBalanceApiApplication","thread_name":"main","level":"INFO","level_value":20000,"tags":["COMMONS-LOGGING"]}
{"@timestamp":"2026-05-12T21:09:41.66957-03:00","@version":"1","message":"No active profile set, falling back to 1 default profile: \"default\"","logger_name":"br.com.bankflow.BankFlowBalanceApiApplication","thread_name":"main","level":"INFO","level_value":20000,"tags":["COMMONS-LOGGING"]}
{"@timestamp":"2026-05-12T21:09:42.068148-03:00","@version":"1","message":"Tomcat initialized with port 8082 (http)","logger_name":"org.springframework.boot.tomcat.TomcatWebServer","thread_name":"main","level":"INFO","level_value":20000,"tags":["COMMONS-LOGGING"]}
{"@timestamp":"2026-05-12T21:09:42.07337-03:00","@version":"1","message":"Starting service [Tomcat]","logger_name":"org.apache.catalina.core.StandardService","thread_name":"main","level":"INFO","level_value":20000}
{"@timestamp":"2026-05-12T21:09:42.073603-03:00","@version":"1","message":"Starting Servlet engine: [Apache Tomcat/11.0.21]","logger_name":"org.apache.catalina.core.StandardEngine","thread_name":"main","level":"INFO","level_value":20000}
{"@timestamp":"2026-05-12T21:09:42.088469-03:00","@version":"1","message":"Root WebApplicationContext: initialization completed in 402 ms","logger_name":"org.springframework.boot.web.context.servlet.WebApplicationContextInitializer","thread_name":"main","level":"INFO","level_value":20000,"tags":["COMMONS-LOGGING"]}
{"@timestamp":"2026-05-12T21:09:42.337331-03:00","@version":"1","message":"HikariPool-1 - Starting...","logger_name":"com.zaxxer.hikari.HikariDataSource","thread_name":"main","level":"INFO","level_value":20000}
{"@timestamp":"2026-05-12T21:09:42.420874-03:00","@version":"1","message":"HikariPool-1 - Added connection org.postgresql.jdbc.PgConnection@4aab7195","logger_name":"com.zaxxer.hikari.pool.HikariPool","thread_name":"main","level":"INFO","level_value":20000}
{"@timestamp":"2026-05-12T21:09:42.421714-03:00","@version":"1","message":"HikariPool-1 - Start completed.","logger_name":"com.zaxxer.hikari.HikariDataSource","thread_name":"main","level":"INFO","level_value":20000}
{"@timestamp":"2026-05-12T21:09:42.434813-03:00","@version":"1","message":"Database: jdbc:postgresql://localhost:5432/bank_flow (PostgreSQL 15.17)","logger_name":"org.flywaydb.core.FlywayExecutor","thread_name":"main","level":"INFO","level_value":20000}
{"@timestamp":"2026-05-12T21:09:42.465737-03:00","@version":"1","message":"Successfully validated 4 migrations (execution time 00:00.013s)","logger_name":"org.flywaydb.core.internal.command.DbValidate","thread_name":"main","level":"INFO","level_value":20000}
{"@timestamp":"2026-05-12T21:09:42.497311-03:00","@version":"1","message":"Current version of schema \"public\": 4","logger_name":"org.flywaydb.core.internal.command.DbMigrate","thread_name":"main","level":"INFO","level_value":20000}
{"@timestamp":"2026-05-12T21:09:42.498442-03:00","@version":"1","message":"Schema \"public\" is up to date. No migration necessary.","logger_name":"org.flywaydb.core.internal.command.DbMigrate","thread_name":"main","level":"INFO","level_value":20000}
{"@timestamp":"2026-05-12T21:09:42.663439-03:00","@version":"1","message":"Exposing 4 endpoints beneath base path '/actuator'","logger_name":"org.springframework.boot.actuate.endpoint.web.EndpointLinksResolver","thread_name":"main","level":"INFO","level_value":20000,"tags":["COMMONS-LOGGING"]}
{"@timestamp":"2026-05-12T21:09:42.69103-03:00","@version":"1","message":"Tomcat started on port 8082 (http) with context path '/'","logger_name":"org.springframework.boot.tomcat.TomcatWebServer","thread_name":"main","level":"INFO","level_value":20000,"tags":["COMMONS-LOGGING"]}
{"@timestamp":"2026-05-12T21:09:42.694615-03:00","@version":"1","message":"Started BankFlowBalanceApiApplication in 1.166 seconds (process running for 1.29)","logger_name":"br.com.bankflow.BankFlowBalanceApiApplication","thread_name":"main","level":"INFO","level_value":20000,"tags":["COMMONS-LOGGING"]}
{"@timestamp":"2026-05-12T21:09:47.086646-03:00","@version":"1","message":"Initializing Spring DispatcherServlet 'dispatcherServlet'","logger_name":"org.apache.catalina.core.ContainerBase.[Tomcat].[localhost].[/]","thread_name":"http-nio-8082-exec-1","level":"INFO","level_value":20000}
{"@timestamp":"2026-05-12T21:09:47.087343-03:00","@version":"1","message":"Initializing Servlet 'dispatcherServlet'","logger_name":"org.springframework.web.servlet.DispatcherServlet","thread_name":"http-nio-8082-exec-1","level":"INFO","level_value":20000,"tags":["COMMONS-LOGGING"]}
{"@timestamp":"2026-05-12T21:09:47.090552-03:00","@version":"1","message":"Completed initialization in 3 ms","logger_name":"org.springframework.web.servlet.DispatcherServlet","thread_name":"http-nio-8082-exec-1","level":"INFO","level_value":20000,"tags":["COMMONS-LOGGING"]}
{"@timestamp":"2026-05-12T21:26:45.722565-03:00","@version":"1","message":"HikariPool-1 - Thread starvation or clock leap detected (housekeeper delta=4m3s17ms).","logger_name":"com.zaxxer.hikari.pool.HikariPool","thread_name":"HikariPool-1:housekeeper","level":"WARN","level_value":30000}
