{"@timestamp":"2026-05-13T17:18:24.54174-03:00","@version":"1","message":"Starting BankFlowBalanceApiApplication using Java 21.0.11 with PID 93643 (/Users/giovannicamargo/Desktop/Estudos/backend/bank-flow-balance/api/build/classes/java/main started by giovannicamargo in /Users/giovannicamargo/Desktop/Estudos/backend/bank-flow-balance/api)","logger_name":"br.com.bankflow.BankFlowBalanceApiApplication","thread_name":"main","level":"INFO","level_value":20000,"tags":["COMMONS-LOGGING"]}
{"@timestamp":"2026-05-13T17:18:24.546148-03:00","@version":"1","message":"No active profile set, falling back to 1 default profile: \"default\"","logger_name":"br.com.bankflow.BankFlowBalanceApiApplication","thread_name":"main","level":"INFO","level_value":20000,"tags":["COMMONS-LOGGING"]}
{"@timestamp":"2026-05-13T17:18:25.725915-03:00","@version":"1","message":"Tomcat initialized with port 8082 (http)","logger_name":"org.springframework.boot.tomcat.TomcatWebServer","thread_name":"main","level":"INFO","level_value":20000,"tags":["COMMONS-LOGGING"]}
{"@timestamp":"2026-05-13T17:18:25.795314-03:00","@version":"1","message":"Starting service [Tomcat]","logger_name":"org.apache.catalina.core.StandardService","thread_name":"main","level":"INFO","level_value":20000}
{"@timestamp":"2026-05-13T17:18:25.795819-03:00","@version":"1","message":"Starting Servlet engine: [Apache Tomcat/11.0.21]","logger_name":"org.apache.catalina.core.StandardEngine","thread_name":"main","level":"INFO","level_value":20000}
{"@timestamp":"2026-05-13T17:18:25.840721-03:00","@version":"1","message":"Root WebApplicationContext: initialization completed in 1260 ms","logger_name":"org.springframework.boot.web.context.servlet.WebApplicationContextInitializer","thread_name":"main","level":"INFO","level_value":20000,"tags":["COMMONS-LOGGING"]}
{"@timestamp":"2026-05-13T17:18:26.665814-03:00","@version":"1","message":"HikariPool-1 - Starting...","logger_name":"com.zaxxer.hikari.HikariDataSource","thread_name":"main","level":"INFO","level_value":20000}
{"@timestamp":"2026-05-13T17:18:26.748931-03:00","@version":"1","message":"HikariPool-1 - Added connection org.postgresql.jdbc.PgConnection@101c15ad","logger_name":"com.zaxxer.hikari.pool.HikariPool","thread_name":"main","level":"INFO","level_value":20000}
{"@timestamp":"2026-05-13T17:18:26.749902-03:00","@version":"1","message":"HikariPool-1 - Start completed.","logger_name":"com.zaxxer.hikari.HikariDataSource","thread_name":"main","level":"INFO","level_value":20000}
{"@timestamp":"2026-05-13T17:18:26.763337-03:00","@version":"1","message":"Database: jdbc:postgresql://localhost:5432/bank_flow (PostgreSQL 15.17)","logger_name":"org.flywaydb.core.FlywayExecutor","thread_name":"main","level":"INFO","level_value":20000}
{"@timestamp":"2026-05-13T17:18:26.825659-03:00","@version":"1","message":"Successfully validated 4 migrations (execution time 00:00.039s)","logger_name":"org.flywaydb.core.internal.command.DbValidate","thread_name":"main","level":"INFO","level_value":20000}
{"@timestamp":"2026-05-13T17:18:26.849623-03:00","@version":"1","message":"Current version of schema \"public\": 4","logger_name":"org.flywaydb.core.internal.command.DbMigrate","thread_name":"main","level":"INFO","level_value":20000}
{"@timestamp":"2026-05-13T17:18:26.851417-03:00","@version":"1","message":"Schema \"public\" is up to date. No migration necessary.","logger_name":"org.flywaydb.core.internal.command.DbMigrate","thread_name":"main","level":"INFO","level_value":20000}
{"@timestamp":"2026-05-13T17:18:27.092878-03:00","@version":"1","message":"Exposing 4 endpoints beneath base path '/actuator'","logger_name":"org.springframework.boot.actuate.endpoint.web.EndpointLinksResolver","thread_name":"main","level":"INFO","level_value":20000,"tags":["COMMONS-LOGGING"]}
{"@timestamp":"2026-05-13T17:18:27.120641-03:00","@version":"1","message":"Tomcat started on port 8082 (http) with context path '/'","logger_name":"org.springframework.boot.tomcat.TomcatWebServer","thread_name":"main","level":"INFO","level_value":20000,"tags":["COMMONS-LOGGING"]}
{"@timestamp":"2026-05-13T17:18:27.123918-03:00","@version":"1","message":"Started BankFlowBalanceApiApplication in 2.755 seconds (process running for 2.883)","logger_name":"br.com.bankflow.BankFlowBalanceApiApplication","thread_name":"main","level":"INFO","level_value":20000,"tags":["COMMONS-LOGGING"]}
{"@timestamp":"2026-05-13T17:18:30.963126-03:00","@version":"1","message":"Initializing Spring DispatcherServlet 'dispatcherServlet'","logger_name":"org.apache.catalina.core.ContainerBase.[Tomcat].[localhost].[/]","thread_name":"http-nio-8082-exec-1","level":"INFO","level_value":20000}
{"@timestamp":"2026-05-13T17:18:30.964152-03:00","@version":"1","message":"Initializing Servlet 'dispatcherServlet'","logger_name":"org.springframework.web.servlet.DispatcherServlet","thread_name":"http-nio-8082-exec-1","level":"INFO","level_value":20000,"tags":["COMMONS-LOGGING"]}
{"@timestamp":"2026-05-13T17:18:30.973079-03:00","@version":"1","message":"Completed initialization in 8 ms","logger_name":"org.springframework.web.servlet.DispatcherServlet","thread_name":"http-nio-8082-exec-1","level":"INFO","level_value":20000,"tags":["COMMONS-LOGGING"]}
{"@timestamp":"2026-05-13T17:26:26.629172-03:00","@version":"1","message":"Commencing graceful shutdown. Waiting for active requests to complete","logger_name":"org.springframework.boot.tomcat.GracefulShutdown","thread_name":"SpringApplicationShutdownHook","level":"INFO","level_value":20000,"tags":["COMMONS-LOGGING"]}
{"@timestamp":"2026-05-13T17:26:26.645226-03:00","@version":"1","message":"Graceful shutdown complete","logger_name":"org.springframework.boot.tomcat.GracefulShutdown","thread_name":"tomcat-shutdown","level":"INFO","level_value":20000,"tags":["COMMONS-LOGGING"]}
{"@timestamp":"2026-05-13T17:26:26.66254-03:00","@version":"1","message":"HikariPool-1 - Shutdown initiated...","logger_name":"com.zaxxer.hikari.HikariDataSource","thread_name":"SpringApplicationShutdownHook","level":"INFO","level_value":20000}
{"@timestamp":"2026-05-13T17:26:26.676641-03:00","@version":"1","message":"HikariPool-1 - Shutdown completed.","logger_name":"com.zaxxer.hikari.HikariDataSource","thread_name":"SpringApplicationShutdownHook","level":"INFO","level_value":20000}
{"@timestamp":"2026-05-13T17:26:42.67672-03:00","@version":"1","message":"Starting BankFlowBalanceApiApplication using Java 21.0.11 with PID 94799 (/Users/giovannicamargo/Desktop/Estudos/backend/bank-flow-balance/api/build/classes/java/main started by giovannicamargo in /Users/giovannicamargo/Desktop/Estudos/backend/bank-flow-balance/api)","logger_name":"br.com.bankflow.BankFlowBalanceApiApplication","thread_name":"main","level":"INFO","level_value":20000,"tags":["COMMONS-LOGGING"]}
{"@timestamp":"2026-05-13T17:26:42.681319-03:00","@version":"1","message":"No active profile set, falling back to 1 default profile: \"default\"","logger_name":"br.com.bankflow.BankFlowBalanceApiApplication","thread_name":"main","level":"INFO","level_value":20000,"tags":["COMMONS-LOGGING"]}
{"@timestamp":"2026-05-13T17:26:43.207691-03:00","@version":"1","message":"Tomcat initialized with port 8082 (http)","logger_name":"org.springframework.boot.tomcat.TomcatWebServer","thread_name":"main","level":"INFO","level_value":20000,"tags":["COMMONS-LOGGING"]}
{"@timestamp":"2026-05-13T17:26:43.213359-03:00","@version":"1","message":"Starting service [Tomcat]","logger_name":"org.apache.catalina.core.StandardService","thread_name":"main","level":"INFO","level_value":20000}
{"@timestamp":"2026-05-13T17:26:43.2136-03:00","@version":"1","message":"Starting Servlet engine: [Apache Tomcat/11.0.21]","logger_name":"org.apache.catalina.core.StandardEngine","thread_name":"main","level":"INFO","level_value":20000}
{"@timestamp":"2026-05-13T17:26:43.229594-03:00","@version":"1","message":"Root WebApplicationContext: initialization completed in 529 ms","logger_name":"org.springframework.boot.web.context.servlet.WebApplicationContextInitializer","thread_name":"main","level":"INFO","level_value":20000,"tags":["COMMONS-LOGGING"]}
{"@timestamp":"2026-05-13T17:26:43.505255-03:00","@version":"1","message":"HikariPool-1 - Starting...","logger_name":"com.zaxxer.hikari.HikariDataSource","thread_name":"main","level":"INFO","level_value":20000}
{"@timestamp":"2026-05-13T17:26:43.571139-03:00","@version":"1","message":"HikariPool-1 - Added connection org.postgresql.jdbc.PgConnection@15e5246","logger_name":"com.zaxxer.hikari.pool.HikariPool","thread_name":"main","level":"INFO","level_value":20000}
{"@timestamp":"2026-05-13T17:26:43.571946-03:00","@version":"1","message":"HikariPool-1 - Start completed.","logger_name":"com.zaxxer.hikari.HikariDataSource","thread_name":"main","level":"INFO","level_value":20000}
{"@timestamp":"2026-05-13T17:26:43.586635-03:00","@version":"1","message":"Database: jdbc:postgresql://localhost:5432/bank_flow (PostgreSQL 15.17)","logger_name":"org.flywaydb.core.FlywayExecutor","thread_name":"main","level":"INFO","level_value":20000}
{"@timestamp":"2026-05-13T17:26:43.625999-03:00","@version":"1","message":"Successfully validated 4 migrations (execution time 00:00.012s)","logger_name":"org.flywaydb.core.internal.command.DbValidate","thread_name":"main","level":"INFO","level_value":20000}
{"@timestamp":"2026-05-13T17:26:43.656088-03:00","@version":"1","message":"Current version of schema \"public\": 4","logger_name":"org.flywaydb.core.internal.command.DbMigrate","thread_name":"main","level":"INFO","level_value":20000}
{"@timestamp":"2026-05-13T17:26:43.657973-03:00","@version":"1","message":"Schema \"public\" is up to date. No migration necessary.","logger_name":"org.flywaydb.core.internal.command.DbMigrate","thread_name":"main","level":"INFO","level_value":20000}
{"@timestamp":"2026-05-13T17:26:43.882133-03:00","@version":"1","message":"Exposing 4 endpoints beneath base path '/actuator'","logger_name":"org.springframework.boot.actuate.endpoint.web.EndpointLinksResolver","thread_name":"main","level":"INFO","level_value":20000,"tags":["COMMONS-LOGGING"]}
{"@timestamp":"2026-05-13T17:26:43.912729-03:00","@version":"1","message":"Tomcat started on port 8082 (http) with context path '/'","logger_name":"org.springframework.boot.tomcat.TomcatWebServer","thread_name":"main","level":"INFO","level_value":20000,"tags":["COMMONS-LOGGING"]}
{"@timestamp":"2026-05-13T17:26:43.916659-03:00","@version":"1","message":"Started BankFlowBalanceApiApplication in 1.505 seconds (process running for 1.649)","logger_name":"br.com.bankflow.BankFlowBalanceApiApplication","thread_name":"main","level":"INFO","level_value":20000,"tags":["COMMONS-LOGGING"]}
{"@timestamp":"2026-05-13T17:26:45.83346-03:00","@version":"1","message":"Initializing Spring DispatcherServlet 'dispatcherServlet'","logger_name":"org.apache.catalina.core.ContainerBase.[Tomcat].[localhost].[/]","thread_name":"http-nio-8082-exec-1","level":"INFO","level_value":20000}
{"@timestamp":"2026-05-13T17:26:45.833929-03:00","@version":"1","message":"Initializing Servlet 'dispatcherServlet'","logger_name":"org.springframework.web.servlet.DispatcherServlet","thread_name":"http-nio-8082-exec-1","level":"INFO","level_value":20000,"tags":["COMMONS-LOGGING"]}
{"@timestamp":"2026-05-13T17:26:45.837029-03:00","@version":"1","message":"Completed initialization in 2 ms","logger_name":"org.springframework.web.servlet.DispatcherServlet","thread_name":"http-nio-8082-exec-1","level":"INFO","level_value":20000,"tags":["COMMONS-LOGGING"]}
{"@timestamp":"2026-05-13T17:31:35.9526-03:00","@version":"1","message":"Commencing graceful shutdown. Waiting for active requests to complete","logger_name":"org.springframework.boot.tomcat.GracefulShutdown","thread_name":"SpringApplicationShutdownHook","level":"INFO","level_value":20000,"tags":["COMMONS-LOGGING"]}
{"@timestamp":"2026-05-13T17:31:35.963019-03:00","@version":"1","message":"Graceful shutdown complete","logger_name":"org.springframework.boot.tomcat.GracefulShutdown","thread_name":"tomcat-shutdown","level":"INFO","level_value":20000,"tags":["COMMONS-LOGGING"]}
{"@timestamp":"2026-05-13T17:31:35.969519-03:00","@version":"1","message":"HikariPool-1 - Shutdown initiated...","logger_name":"com.zaxxer.hikari.HikariDataSource","thread_name":"SpringApplicationShutdownHook","level":"INFO","level_value":20000}
{"@timestamp":"2026-05-13T17:31:35.988217-03:00","@version":"1","message":"HikariPool-1 - Shutdown completed.","logger_name":"com.zaxxer.hikari.HikariDataSource","thread_name":"SpringApplicationShutdownHook","level":"INFO","level_value":20000}
