{"@timestamp":"2026-05-13T17:18:19.166091-03:00","@version":"1","message":"Starting BankFlowTransferApiApplication using Java 21.0.11 with PID 93631 (/Users/giovannicamargo/Desktop/Estudos/backend/bank-flow-transfer/api/build/classes/java/main started by giovannicamargo in /Users/giovannicamargo/Desktop/Estudos/backend/bank-flow-transfer/api)","logger_name":"br.com.bankflow.BankFlowTransferApiApplication","thread_name":"main","level":"INFO","level_value":20000,"tags":["COMMONS-LOGGING"]}
{"@timestamp":"2026-05-13T17:18:19.174832-03:00","@version":"1","message":"No active profile set, falling back to 1 default profile: \"default\"","logger_name":"br.com.bankflow.BankFlowTransferApiApplication","thread_name":"main","level":"INFO","level_value":20000,"tags":["COMMONS-LOGGING"]}
{"@timestamp":"2026-05-13T17:18:19.749488-03:00","@version":"1","message":"Tomcat initialized with port 8083 (http)","logger_name":"org.springframework.boot.tomcat.TomcatWebServer","thread_name":"main","level":"INFO","level_value":20000,"tags":["COMMONS-LOGGING"]}
{"@timestamp":"2026-05-13T17:18:19.755868-03:00","@version":"1","message":"Starting service [Tomcat]","logger_name":"org.apache.catalina.core.StandardService","thread_name":"main","level":"INFO","level_value":20000}
{"@timestamp":"2026-05-13T17:18:19.75617-03:00","@version":"1","message":"Starting Servlet engine: [Apache Tomcat/11.0.21]","logger_name":"org.apache.catalina.core.StandardEngine","thread_name":"main","level":"INFO","level_value":20000}
{"@timestamp":"2026-05-13T17:18:19.781289-03:00","@version":"1","message":"Root WebApplicationContext: initialization completed in 575 ms","logger_name":"org.springframework.boot.web.context.servlet.WebApplicationContextInitializer","thread_name":"main","level":"INFO","level_value":20000,"tags":["COMMONS-LOGGING"]}
{"@timestamp":"2026-05-13T17:18:20.103836-03:00","@version":"1","message":"HikariPool-1 - Starting...","logger_name":"com.zaxxer.hikari.HikariDataSource","thread_name":"main","level":"INFO","level_value":20000}
{"@timestamp":"2026-05-13T17:18:20.16422-03:00","@version":"1","message":"HikariPool-1 - Added connection org.postgresql.jdbc.PgConnection@38dbeb39","logger_name":"com.zaxxer.hikari.pool.HikariPool","thread_name":"main","level":"INFO","level_value":20000}
{"@timestamp":"2026-05-13T17:18:20.165427-03:00","@version":"1","message":"HikariPool-1 - Start completed.","logger_name":"com.zaxxer.hikari.HikariDataSource","thread_name":"main","level":"INFO","level_value":20000}
{"@timestamp":"2026-05-13T17:18:20.179682-03:00","@version":"1","message":"Database: jdbc:postgresql://localhost:5432/bank_flow?currentSchema=transfer,public (PostgreSQL 15.17)","logger_name":"org.flywaydb.core.FlywayExecutor","thread_name":"main","level":"INFO","level_value":20000}
{"@timestamp":"2026-05-13T17:18:20.203034-03:00","@version":"1","message":"Creating schema \"transfer\" ...","logger_name":"org.flywaydb.core.internal.database.base.Schema","thread_name":"main","level":"INFO","level_value":20000}
{"@timestamp":"2026-05-13T17:18:20.208509-03:00","@version":"1","message":"Creating Schema History table \"transfer\".\"flyway_schema_history\" ...","logger_name":"org.flywaydb.core.internal.schemahistory.JdbcTableSchemaHistory","thread_name":"main","level":"INFO","level_value":20000}
{"@timestamp":"2026-05-13T17:18:20.270783-03:00","@version":"1","message":"Current version of schema \"transfer\": null","logger_name":"org.flywaydb.core.internal.command.DbMigrate","thread_name":"main","level":"INFO","level_value":20000}
{"@timestamp":"2026-05-13T17:18:20.274901-03:00","@version":"1","message":"Migrating schema \"transfer\" to version \"1 - create transfers\"","logger_name":"org.flywaydb.core.internal.command.DbMigrate","thread_name":"main","level":"INFO","level_value":20000}
{"@timestamp":"2026-05-13T17:18:20.289793-03:00","@version":"1","message":"Migrating schema \"transfer\" to version \"2 - add ledger transfer fields\"","logger_name":"org.flywaydb.core.internal.command.DbMigrate","thread_name":"main","level":"INFO","level_value":20000}
{"@timestamp":"2026-05-13T17:18:20.300015-03:00","@version":"1","message":"Migrating schema \"transfer\" to version \"3 - create outbox events\"","logger_name":"org.flywaydb.core.internal.command.DbMigrate","thread_name":"main","level":"INFO","level_value":20000}
{"@timestamp":"2026-05-13T17:18:20.317151-03:00","@version":"1","message":"Migrating schema \"transfer\" to version \"4 - use digital account ids\"","logger_name":"org.flywaydb.core.internal.command.DbMigrate","thread_name":"main","level":"INFO","level_value":20000}
{"@timestamp":"2026-05-13T17:18:20.328081-03:00","@version":"1","message":"Migrating schema \"transfer\" to version \"5 - relax legacy account id columns\"","logger_name":"org.flywaydb.core.internal.command.DbMigrate","thread_name":"main","level":"INFO","level_value":20000}
{"@timestamp":"2026-05-13T17:18:20.333866-03:00","@version":"1","message":"Migrating schema \"transfer\" to version \"6 - add terminal transfer statuses\"","logger_name":"org.flywaydb.core.internal.command.DbMigrate","thread_name":"main","level":"INFO","level_value":20000}
{"@timestamp":"2026-05-13T17:18:20.342447-03:00","@version":"1","message":"Migrating schema \"transfer\" to version \"7 - add outbox processing lease\"","logger_name":"org.flywaydb.core.internal.command.DbMigrate","thread_name":"main","level":"INFO","level_value":20000}
{"@timestamp":"2026-05-13T17:18:20.353619-03:00","@version":"1","message":"Migrating schema \"transfer\" to version \"8 - drop local outbox events\"","logger_name":"org.flywaydb.core.internal.command.DbMigrate","thread_name":"main","level":"INFO","level_value":20000}
{"@timestamp":"2026-05-13T17:18:20.365075-03:00","@version":"1","message":"Successfully applied 8 migrations to schema \"transfer\", now at version v8 (execution time 00:00.037s)","logger_name":"org.flywaydb.core.internal.command.DbMigrate","thread_name":"main","level":"INFO","level_value":20000}
{"@timestamp":"2026-05-13T17:18:21.052351-03:00","@version":"1","message":"Exposing 4 endpoints beneath base path '/actuator'","logger_name":"org.springframework.boot.actuate.endpoint.web.EndpointLinksResolver","thread_name":"main","level":"INFO","level_value":20000,"tags":["COMMONS-LOGGING"]}
{"@timestamp":"2026-05-13T17:18:21.142418-03:00","@version":"1","message":"Tomcat started on port 8083 (http) with context path '/'","logger_name":"org.springframework.boot.tomcat.TomcatWebServer","thread_name":"main","level":"INFO","level_value":20000,"tags":["COMMONS-LOGGING"]}
{"@timestamp":"2026-05-13T17:18:21.149254-03:00","@version":"1","message":"Started BankFlowTransferApiApplication in 2.181 seconds (process running for 2.436)","logger_name":"br.com.bankflow.BankFlowTransferApiApplication","thread_name":"main","level":"INFO","level_value":20000,"tags":["COMMONS-LOGGING"]}
{"@timestamp":"2026-05-13T17:18:23.45872-03:00","@version":"1","message":"Initializing Spring DispatcherServlet 'dispatcherServlet'","logger_name":"org.apache.catalina.core.ContainerBase.[Tomcat].[localhost].[/]","thread_name":"http-nio-8083-exec-1","level":"INFO","level_value":20000}
{"@timestamp":"2026-05-13T17:18:23.460145-03:00","@version":"1","message":"Initializing Servlet 'dispatcherServlet'","logger_name":"org.springframework.web.servlet.DispatcherServlet","thread_name":"http-nio-8083-exec-1","level":"INFO","level_value":20000,"tags":["COMMONS-LOGGING"]}
{"@timestamp":"2026-05-13T17:18:23.465677-03:00","@version":"1","message":"Completed initialization in 5 ms","logger_name":"org.springframework.web.servlet.DispatcherServlet","thread_name":"http-nio-8083-exec-1","level":"INFO","level_value":20000,"tags":["COMMONS-LOGGING"]}
{"@timestamp":"2026-05-13T17:22:52.008822-03:00","@version":"1","message":"psp payment confirmed transferId=3a627b80-6a13-4864-b3fc-3aaabdf6e21b pspPaymentId=psp-3a627b80-6a13-4864-b3fc-3aaabdf6e21b","logger_name":"br.com.bankflow.transfer.services.TransferOrchestrationService","thread_name":"http-nio-8083-exec-1","level":"INFO","level_value":20000,"traceId":"22222222222222222222222222222222","spanId":"987f80d0148e4594"}
{"@timestamp":"2026-05-13T17:26:26.576782-03:00","@version":"1","message":"Commencing graceful shutdown. Waiting for active requests to complete","logger_name":"org.springframework.boot.tomcat.GracefulShutdown","thread_name":"SpringApplicationShutdownHook","level":"INFO","level_value":20000,"tags":["COMMONS-LOGGING"]}
{"@timestamp":"2026-05-13T17:26:26.585781-03:00","@version":"1","message":"Graceful shutdown complete","logger_name":"org.springframework.boot.tomcat.GracefulShutdown","thread_name":"tomcat-shutdown","level":"INFO","level_value":20000,"tags":["COMMONS-LOGGING"]}
{"@timestamp":"2026-05-13T17:26:26.602903-03:00","@version":"1","message":"HikariPool-1 - Shutdown initiated...","logger_name":"com.zaxxer.hikari.HikariDataSource","thread_name":"SpringApplicationShutdownHook","level":"INFO","level_value":20000}
{"@timestamp":"2026-05-13T17:26:26.607417-03:00","@version":"1","message":"HikariPool-1 - Shutdown completed.","logger_name":"com.zaxxer.hikari.HikariDataSource","thread_name":"SpringApplicationShutdownHook","level":"INFO","level_value":20000}
{"@timestamp":"2026-05-13T17:26:42.268454-03:00","@version":"1","message":"Starting BankFlowTransferApiApplication using Java 21.0.11 with PID 94798 (/Users/giovannicamargo/Desktop/Estudos/backend/bank-flow-transfer/api/build/classes/java/main started by giovannicamargo in /Users/giovannicamargo/Desktop/Estudos/backend/bank-flow-transfer/api)","logger_name":"br.com.bankflow.BankFlowTransferApiApplication","thread_name":"main","level":"INFO","level_value":20000,"tags":["COMMONS-LOGGING"]}
{"@timestamp":"2026-05-13T17:26:42.27431-03:00","@version":"1","message":"No active profile set, falling back to 1 default profile: \"default\"","logger_name":"br.com.bankflow.BankFlowTransferApiApplication","thread_name":"main","level":"INFO","level_value":20000,"tags":["COMMONS-LOGGING"]}
{"@timestamp":"2026-05-13T17:26:42.881949-03:00","@version":"1","message":"Tomcat initialized with port 8083 (http)","logger_name":"org.springframework.boot.tomcat.TomcatWebServer","thread_name":"main","level":"INFO","level_value":20000,"tags":["COMMONS-LOGGING"]}
{"@timestamp":"2026-05-13T17:26:42.888756-03:00","@version":"1","message":"Starting service [Tomcat]","logger_name":"org.apache.catalina.core.StandardService","thread_name":"main","level":"INFO","level_value":20000}
{"@timestamp":"2026-05-13T17:26:42.889028-03:00","@version":"1","message":"Starting Servlet engine: [Apache Tomcat/11.0.21]","logger_name":"org.apache.catalina.core.StandardEngine","thread_name":"main","level":"INFO","level_value":20000}
{"@timestamp":"2026-05-13T17:26:42.910313-03:00","@version":"1","message":"Root WebApplicationContext: initialization completed in 616 ms","logger_name":"org.springframework.boot.web.context.servlet.WebApplicationContextInitializer","thread_name":"main","level":"INFO","level_value":20000,"tags":["COMMONS-LOGGING"]}
{"@timestamp":"2026-05-13T17:26:43.215317-03:00","@version":"1","message":"HikariPool-1 - Starting...","logger_name":"com.zaxxer.hikari.HikariDataSource","thread_name":"main","level":"INFO","level_value":20000}
{"@timestamp":"2026-05-13T17:26:43.303712-03:00","@version":"1","message":"HikariPool-1 - Added connection org.postgresql.jdbc.PgConnection@51a719e7","logger_name":"com.zaxxer.hikari.pool.HikariPool","thread_name":"main","level":"INFO","level_value":20000}
{"@timestamp":"2026-05-13T17:26:43.30435-03:00","@version":"1","message":"HikariPool-1 - Start completed.","logger_name":"com.zaxxer.hikari.HikariDataSource","thread_name":"main","level":"INFO","level_value":20000}
{"@timestamp":"2026-05-13T17:26:43.315177-03:00","@version":"1","message":"Database: jdbc:postgresql://localhost:5432/bank_flow?currentSchema=transfer,public (PostgreSQL 15.17)","logger_name":"org.flywaydb.core.FlywayExecutor","thread_name":"main","level":"INFO","level_value":20000}
{"@timestamp":"2026-05-13T17:26:43.350049-03:00","@version":"1","message":"Successfully validated 9 migrations (execution time 00:00.017s)","logger_name":"org.flywaydb.core.internal.command.DbValidate","thread_name":"main","level":"INFO","level_value":20000}
{"@timestamp":"2026-05-13T17:26:43.381964-03:00","@version":"1","message":"Current version of schema \"transfer\": 8","logger_name":"org.flywaydb.core.internal.command.DbMigrate","thread_name":"main","level":"INFO","level_value":20000}
{"@timestamp":"2026-05-13T17:26:43.38374-03:00","@version":"1","message":"Schema \"transfer\" is up to date. No migration necessary.","logger_name":"org.flywaydb.core.internal.command.DbMigrate","thread_name":"main","level":"INFO","level_value":20000}
{"@timestamp":"2026-05-13T17:26:43.670797-03:00","@version":"1","message":"Exposing 4 endpoints beneath base path '/actuator'","logger_name":"org.springframework.boot.actuate.endpoint.web.EndpointLinksResolver","thread_name":"main","level":"INFO","level_value":20000,"tags":["COMMONS-LOGGING"]}
{"@timestamp":"2026-05-13T17:26:43.7069-03:00","@version":"1","message":"Tomcat started on port 8083 (http) with context path '/'","logger_name":"org.springframework.boot.tomcat.TomcatWebServer","thread_name":"main","level":"INFO","level_value":20000,"tags":["COMMONS-LOGGING"]}
{"@timestamp":"2026-05-13T17:26:43.713702-03:00","@version":"1","message":"Started BankFlowTransferApiApplication in 1.731 seconds (process running for 1.832)","logger_name":"br.com.bankflow.BankFlowTransferApiApplication","thread_name":"main","level":"INFO","level_value":20000,"tags":["COMMONS-LOGGING"]}
{"@timestamp":"2026-05-13T17:26:53.452464-03:00","@version":"1","message":"Initializing Spring DispatcherServlet 'dispatcherServlet'","logger_name":"org.apache.catalina.core.ContainerBase.[Tomcat].[localhost].[/]","thread_name":"http-nio-8083-exec-1","level":"INFO","level_value":20000}
{"@timestamp":"2026-05-13T17:26:53.453465-03:00","@version":"1","message":"Initializing Servlet 'dispatcherServlet'","logger_name":"org.springframework.web.servlet.DispatcherServlet","thread_name":"http-nio-8083-exec-1","level":"INFO","level_value":20000,"tags":["COMMONS-LOGGING"]}
{"@timestamp":"2026-05-13T17:26:53.461648-03:00","@version":"1","message":"Completed initialization in 8 ms","logger_name":"org.springframework.web.servlet.DispatcherServlet","thread_name":"http-nio-8083-exec-1","level":"INFO","level_value":20000,"tags":["COMMONS-LOGGING"]}
{"@timestamp":"2026-05-13T17:27:56.515148-03:00","@version":"1","message":"psp payment confirmed transferId=af53aaa8-d53f-4959-a563-23993c787bd0 pspPaymentId=psp-af53aaa8-d53f-4959-a563-23993c787bd0","logger_name":"br.com.bankflow.transfer.services.TransferOrchestrationService","thread_name":"http-nio-8083-exec-3","level":"INFO","level_value":20000,"traceId":"33333333333333333333333333333333","spanId":"984bbfe99605f3a6"}
{"@timestamp":"2026-05-13T17:30:53.661738-03:00","@version":"1","message":"psp payment confirmed transferId=f5e81c41-aefe-4e09-b28e-692e472dc6ee pspPaymentId=psp-f5e81c41-aefe-4e09-b28e-692e472dc6ee","logger_name":"br.com.bankflow.transfer.services.TransferOrchestrationService","thread_name":"http-nio-8083-exec-10","level":"INFO","level_value":20000,"traceId":"44444444444444444444444444444444","spanId":"f58d486f53a6afc5"}
{"@timestamp":"2026-05-13T17:31:35.956401-03:00","@version":"1","message":"Commencing graceful shutdown. Waiting for active requests to complete","logger_name":"org.springframework.boot.tomcat.GracefulShutdown","thread_name":"SpringApplicationShutdownHook","level":"INFO","level_value":20000,"tags":["COMMONS-LOGGING"]}
{"@timestamp":"2026-05-13T17:31:35.964679-03:00","@version":"1","message":"Graceful shutdown complete","logger_name":"org.springframework.boot.tomcat.GracefulShutdown","thread_name":"tomcat-shutdown","level":"INFO","level_value":20000,"tags":["COMMONS-LOGGING"]}
{"@timestamp":"2026-05-13T17:31:35.975103-03:00","@version":"1","message":"HikariPool-1 - Shutdown initiated...","logger_name":"com.zaxxer.hikari.HikariDataSource","thread_name":"SpringApplicationShutdownHook","level":"INFO","level_value":20000}
{"@timestamp":"2026-05-13T17:31:35.983516-03:00","@version":"1","message":"HikariPool-1 - Shutdown completed.","logger_name":"com.zaxxer.hikari.HikariDataSource","thread_name":"SpringApplicationShutdownHook","level":"INFO","level_value":20000}
